2021-05-21 17:51:31,634 INFO [n-16d4e28434f3.a-16d4c386830c.WorkerBean_dummyVariation] - starting...
2021-05-21 17:51:31,640 INFO [n-16d4e28434f3.a-16d4fdc8297b.WorkerBean_dummyVariation] - starting...
2021-05-21 17:51:31,642 INFO [n-16d4e28434f3.a-16d4fb2d1c8c.WorkerBean_dummyVariation] - starting...
2021-05-21 17:51:31,643 INFO [n-16d4e28434f3.a-16d4a32aa144.WorkerBean_dummyVariation] - starting...
2021-05-21 17:51:31,645 INFO [n-16d4e28434f3.a-16d4cd3d6902.WorkerBean_dummyVariation] - starting...
2021-05-21 17:51:31,660 INFO [n-16d4e28434f3.a-16d4c349bdd1.BrokerBean_RewardOptimization] - running...
2021-05-21 17:51:31,661 WARN [n-16d4e28434f3.IDirectory] - Cannot find agent:
Agent:
 name='ServerAgent'
 aid=null
 owner=null
 state=null
 messageBoxAddress=null
 mobile=false

2021-05-21 17:51:32,661 INFO [n-16d4e28434f3.a-16d4c349bdd1.BrokerBean_RewardOptimization] - running...
2021-05-21 17:51:32,662 WARN [n-16d4e28434f3.IDirectory] - Cannot find agent:
Agent:
 name='ServerAgent'
 aid=null
 owner=null
 state=null
 messageBoxAddress=null
 mobile=false

2021-05-21 17:51:33,668 INFO [n-16d4e28434f3.a-16d4c349bdd1.BrokerBean_RewardOptimization] - running...
2021-05-21 17:51:33,669 WARN [n-16d4e28434f3.IDirectory] - Cannot find agent:
Agent:
 name='ServerAgent'
 aid=null
 owner=null
 state=null
 messageBoxAddress=null
 mobile=false

2021-05-21 17:51:34,668 INFO [n-16d4e28434f3.a-16d4c349bdd1.BrokerBean_RewardOptimization] - running...
2021-05-21 17:51:35,671 INFO [n-16d4e28434f3.a-16d4c349bdd1.BrokerBean_RewardOptimization] - running...
2021-05-21 17:51:35,739 INFO [n-16d4e28434f3.a-16d4fdc8297b.WorkerBean_dummyVariation] - WORKER RECEIVED PositionMessage(game=1779154581, workerId=a-16d4fdc8297b, position=Pos(5, 4))
2021-05-21 17:51:36,675 INFO [n-16d4e28434f3.a-16d4c349bdd1.BrokerBean_RewardOptimization] - running...
2021-05-21 17:51:36,681 INFO [n-16d4e28434f3.a-16d4c386830c.WorkerBean_dummyVariation] - WORKER RECEIVED PositionMessage(game=1779154581, workerId=a-16d4c386830c, position=Pos(8, 8))
2021-05-21 17:51:36,696 INFO [n-16d4e28434f3.a-16d4fb2d1c8c.WorkerBean_dummyVariation] - WORKER RECEIVED PositionMessage(game=1779154581, workerId=a-16d4fb2d1c8c, position=Pos(1, 8))
2021-05-21 17:51:36,713 INFO [n-16d4e28434f3.a-16d4a32aa144.WorkerBean_dummyVariation] - WORKER RECEIVED PositionMessage(game=1779154581, workerId=a-16d4a32aa144, position=Pos(8, 1))
2021-05-21 17:51:36,727 INFO [n-16d4e28434f3.a-16d4cd3d6902.WorkerBean_dummyVariation] - WORKER RECEIVED PositionMessage(game=1779154581, workerId=a-16d4cd3d6902, position=Pos(1, 1))
2021-05-21 17:51:37,689 INFO [n-16d4e28434f3.a-16d4c349bdd1.BrokerBean_RewardOptimization] - running...
2021-05-21 17:51:38,694 INFO [n-16d4e28434f3.a-16d4c349bdd1.BrokerBean_RewardOptimization] - running...
2021-05-21 17:51:39,695 INFO [n-16d4e28434f3.a-16d4c349bdd1.BrokerBean_RewardOptimization] - running...
2021-05-21 17:51:40,698 INFO [n-16d4e28434f3.a-16d4c349bdd1.BrokerBean_RewardOptimization] - running...
2021-05-21 17:51:41,707 INFO [n-16d4e28434f3.a-16d4c349bdd1.BrokerBean_RewardOptimization] - running...
2021-05-21 17:51:42,714 INFO [n-16d4e28434f3.a-16d4c349bdd1.BrokerBean_RewardOptimization] - running...
2021-05-21 17:51:43,718 INFO [n-16d4e28434f3.a-16d4c349bdd1.BrokerBean_RewardOptimization] - running...
2021-05-21 17:51:44,720 INFO [n-16d4e28434f3.a-16d4c349bdd1.BrokerBean_RewardOptimization] - running...
2021-05-21 17:51:45,725 INFO [n-16d4e28434f3.a-16d4c349bdd1.BrokerBean_RewardOptimization] - running...
2021-05-21 17:51:46,730 INFO [n-16d4e28434f3.a-16d4c349bdd1.BrokerBean_RewardOptimization] - running...
2021-05-21 17:51:47,730 INFO [n-16d4e28434f3.a-16d4c349bdd1.BrokerBean_RewardOptimization] - running...
2021-05-21 17:51:48,738 INFO [n-16d4e28434f3.a-16d4c349bdd1.BrokerBean_RewardOptimization] - running...
2021-05-21 17:51:49,745 INFO [n-16d4e28434f3.a-16d4c349bdd1.BrokerBean_RewardOptimization] - running...
2021-05-21 17:51:50,750 INFO [n-16d4e28434f3.a-16d4c349bdd1.BrokerBean_RewardOptimization] - running...
2021-05-21 17:51:51,759 INFO [n-16d4e28434f3.a-16d4c349bdd1.BrokerBean_RewardOptimization] - running...
2021-05-21 17:51:52,762 INFO [n-16d4e28434f3.a-16d4c349bdd1.BrokerBean_RewardOptimization] - running...
2021-05-21 17:51:53,769 INFO [n-16d4e28434f3.a-16d4c349bdd1.BrokerBean_RewardOptimization] - running...
2021-05-21 17:51:54,778 INFO [n-16d4e28434f3.a-16d4c349bdd1.BrokerBean_RewardOptimization] - running...
2021-05-21 17:51:55,783 INFO [n-16d4e28434f3.a-16d4c349bdd1.BrokerBean_RewardOptimization] - running...
2021-05-21 17:51:56,794 INFO [n-16d4e28434f3.a-16d4c349bdd1.BrokerBean_RewardOptimization] - running...
2021-05-21 17:51:57,801 INFO [n-16d4e28434f3.a-16d4c349bdd1.BrokerBean_RewardOptimization] - running...
2021-05-21 17:51:58,804 INFO [n-16d4e28434f3.a-16d4c349bdd1.BrokerBean_RewardOptimization] - running...
2021-05-21 17:51:59,813 INFO [n-16d4e28434f3.a-16d4c349bdd1.BrokerBean_RewardOptimization] - running...
2021-05-21 17:52:00,817 INFO [n-16d4e28434f3.a-16d4c349bdd1.BrokerBean_RewardOptimization] - running...
2021-05-21 17:52:01,825 INFO [n-16d4e28434f3.a-16d4c349bdd1.BrokerBean_RewardOptimization] - running...
2021-05-21 17:52:02,836 INFO [n-16d4e28434f3.a-16d4c349bdd1.BrokerBean_RewardOptimization] - running...
2021-05-21 17:52:03,844 INFO [n-16d4e28434f3.a-16d4c349bdd1.BrokerBean_RewardOptimization] - running...
2021-05-21 17:52:04,851 INFO [n-16d4e28434f3.a-16d4c349bdd1.BrokerBean_RewardOptimization] - running...
2021-05-21 17:52:05,856 INFO [n-16d4e28434f3.a-16d4c349bdd1.BrokerBean_RewardOptimization] - running...
2021-05-21 17:52:06,856 INFO [n-16d4e28434f3.a-16d4c349bdd1.BrokerBean_RewardOptimization] - running...
2021-05-21 17:52:07,856 INFO [n-16d4e28434f3.a-16d4c349bdd1.BrokerBean_RewardOptimization] - running...
2021-05-21 17:52:08,861 INFO [n-16d4e28434f3.a-16d4c349bdd1.BrokerBean_RewardOptimization] - running...
2021-05-21 17:52:09,869 INFO [n-16d4e28434f3.a-16d4c349bdd1.BrokerBean_RewardOptimization] - running...
2021-05-21 17:52:10,872 INFO [n-16d4e28434f3.a-16d4c349bdd1.BrokerBean_RewardOptimization] - running...
2021-05-21 17:52:11,881 INFO [n-16d4e28434f3.a-16d4c349bdd1.BrokerBean_RewardOptimization] - running...
2021-05-21 17:52:12,884 INFO [n-16d4e28434f3.a-16d4c349bdd1.BrokerBean_RewardOptimization] - running...
2021-05-21 17:52:13,884 INFO [n-16d4e28434f3.a-16d4c349bdd1.BrokerBean_RewardOptimization] - running...
2021-05-21 17:52:14,884 INFO [n-16d4e28434f3.a-16d4c349bdd1.BrokerBean_RewardOptimization] - running...
2021-05-21 17:52:15,895 INFO [n-16d4e28434f3.a-16d4c349bdd1.BrokerBean_RewardOptimization] - running...
2021-05-21 17:52:16,904 INFO [n-16d4e28434f3.a-16d4c349bdd1.BrokerBean_RewardOptimization] - running...
2021-05-21 17:52:17,904 INFO [n-16d4e28434f3.a-16d4c349bdd1.BrokerBean_RewardOptimization] - running...
2021-05-21 17:52:18,906 INFO [n-16d4e28434f3.a-16d4c349bdd1.BrokerBean_RewardOptimization] - running...
2021-05-21 17:52:19,906 INFO [n-16d4e28434f3.a-16d4c349bdd1.BrokerBean_RewardOptimization] - running...
2021-05-21 17:52:20,911 INFO [n-16d4e28434f3.a-16d4c349bdd1.BrokerBean_RewardOptimization] - running...
2021-05-21 17:52:21,914 INFO [n-16d4e28434f3.a-16d4c349bdd1.BrokerBean_RewardOptimization] - running...
2021-05-21 17:52:22,921 INFO [n-16d4e28434f3.a-16d4c349bdd1.BrokerBean_RewardOptimization] - running...
2021-05-21 17:52:23,928 INFO [n-16d4e28434f3.a-16d4c349bdd1.BrokerBean_RewardOptimization] - running...
2021-05-21 17:52:24,938 INFO [n-16d4e28434f3.a-16d4c349bdd1.BrokerBean_RewardOptimization] - running...
2021-05-21 17:52:25,943 INFO [n-16d4e28434f3.a-16d4c349bdd1.BrokerBean_RewardOptimization] - running...
2021-05-21 17:52:26,952 INFO [n-16d4e28434f3.a-16d4c349bdd1.BrokerBean_RewardOptimization] - running...
2021-05-21 17:52:27,956 INFO [n-16d4e28434f3.a-16d4c349bdd1.BrokerBean_RewardOptimization] - running...
2021-05-21 17:52:28,964 INFO [n-16d4e28434f3.a-16d4c349bdd1.BrokerBean_RewardOptimization] - running...
2021-05-21 17:52:29,966 INFO [n-16d4e28434f3.a-16d4c349bdd1.BrokerBean_RewardOptimization] - running...
2021-05-21 17:52:30,966 INFO [n-16d4e28434f3.a-16d4c349bdd1.BrokerBean_RewardOptimization] - running...
2021-05-21 17:52:31,967 INFO [n-16d4e28434f3.a-16d4c349bdd1.BrokerBean_RewardOptimization] - running...
2021-05-21 17:52:32,973 INFO [n-16d4e28434f3.a-16d4c349bdd1.BrokerBean_RewardOptimization] - running...
2021-05-21 17:52:33,974 INFO [n-16d4e28434f3.a-16d4c349bdd1.BrokerBean_RewardOptimization] - running...
2021-05-21 17:52:34,980 INFO [n-16d4e28434f3.a-16d4c349bdd1.BrokerBean_RewardOptimization] - running...
2021-05-21 17:52:35,985 INFO [n-16d4e28434f3.a-16d4c349bdd1.BrokerBean_RewardOptimization] - running...
2021-05-21 17:52:36,989 INFO [n-16d4e28434f3.a-16d4c349bdd1.BrokerBean_RewardOptimization] - running...
2021-05-21 17:52:37,995 INFO [n-16d4e28434f3.a-16d4c349bdd1.BrokerBean_RewardOptimization] - running...
2021-05-21 17:52:38,999 INFO [n-16d4e28434f3.a-16d4c349bdd1.BrokerBean_RewardOptimization] - running...
2021-05-21 17:52:40,002 INFO [n-16d4e28434f3.a-16d4c349bdd1.BrokerBean_RewardOptimization] - running...
2021-05-21 17:52:41,002 INFO [n-16d4e28434f3.a-16d4c349bdd1.BrokerBean_RewardOptimization] - running...
2021-05-21 17:52:42,005 INFO [n-16d4e28434f3.a-16d4c349bdd1.BrokerBean_RewardOptimization] - running...
2021-05-21 17:52:43,011 INFO [n-16d4e28434f3.a-16d4c349bdd1.BrokerBean_RewardOptimization] - running...
2021-05-21 17:52:44,019 INFO [n-16d4e28434f3.a-16d4c349bdd1.BrokerBean_RewardOptimization] - running...
2021-05-21 17:52:45,026 INFO [n-16d4e28434f3.a-16d4c349bdd1.BrokerBean_RewardOptimization] - running...
2021-05-21 17:52:46,027 INFO [n-16d4e28434f3.a-16d4c349bdd1.BrokerBean_RewardOptimization] - running...
2021-05-21 17:52:47,035 INFO [n-16d4e28434f3.a-16d4c349bdd1.BrokerBean_RewardOptimization] - running...
2021-05-21 17:52:48,044 INFO [n-16d4e28434f3.a-16d4c349bdd1.BrokerBean_RewardOptimization] - running...
2021-05-21 17:52:49,044 INFO [n-16d4e28434f3.a-16d4c349bdd1.BrokerBean_RewardOptimization] - running...
2021-05-21 17:52:50,048 INFO [n-16d4e28434f3.a-16d4c349bdd1.BrokerBean_RewardOptimization] - running...
2021-05-21 17:52:51,058 INFO [n-16d4e28434f3.a-16d4c349bdd1.BrokerBean_RewardOptimization] - running...
2021-05-21 17:52:52,066 INFO [n-16d4e28434f3.a-16d4c349bdd1.BrokerBean_RewardOptimization] - running...
2021-05-21 17:52:53,066 INFO [n-16d4e28434f3.a-16d4c349bdd1.BrokerBean_RewardOptimization] - running...
2021-05-21 17:52:54,075 INFO [n-16d4e28434f3.a-16d4c349bdd1.BrokerBean_RewardOptimization] - running...
2021-05-21 17:52:55,084 INFO [n-16d4e28434f3.a-16d4c349bdd1.BrokerBean_RewardOptimization] - running...
2021-05-21 17:52:56,089 INFO [n-16d4e28434f3.a-16d4c349bdd1.BrokerBean_RewardOptimization] - running...
2021-05-21 17:52:57,094 INFO [n-16d4e28434f3.a-16d4c349bdd1.BrokerBean_RewardOptimization] - running...
2021-05-21 17:52:58,094 INFO [n-16d4e28434f3.a-16d4c349bdd1.BrokerBean_RewardOptimization] - running...
2021-05-21 17:52:59,105 INFO [n-16d4e28434f3.a-16d4c349bdd1.BrokerBean_RewardOptimization] - running...
2021-05-21 17:53:00,105 INFO [n-16d4e28434f3.a-16d4c349bdd1.BrokerBean_RewardOptimization] - running...
2021-05-21 17:53:01,105 INFO [n-16d4e28434f3.a-16d4c349bdd1.BrokerBean_RewardOptimization] - running...
2021-05-21 17:53:02,107 INFO [n-16d4e28434f3.a-16d4c349bdd1.BrokerBean_RewardOptimization] - running...
2021-05-21 17:53:03,115 INFO [n-16d4e28434f3.a-16d4c349bdd1.BrokerBean_RewardOptimization] - running...
2021-05-21 17:53:04,115 INFO [n-16d4e28434f3.a-16d4c349bdd1.BrokerBean_RewardOptimization] - running...
2021-05-21 17:53:05,115 INFO [n-16d4e28434f3.a-16d4c349bdd1.BrokerBean_RewardOptimization] - running...
2021-05-21 17:53:06,115 INFO [n-16d4e28434f3.a-16d4c349bdd1.BrokerBean_RewardOptimization] - running...
2021-05-21 17:53:07,115 INFO [n-16d4e28434f3.a-16d4c349bdd1.BrokerBean_RewardOptimization] - running...
2021-05-21 17:53:08,117 INFO [n-16d4e28434f3.a-16d4c349bdd1.BrokerBean_RewardOptimization] - running...
2021-05-21 17:53:09,121 INFO [n-16d4e28434f3.a-16d4c349bdd1.BrokerBean_RewardOptimization] - running...
2021-05-21 17:53:10,121 INFO [n-16d4e28434f3.a-16d4c349bdd1.BrokerBean_RewardOptimization] - running...
2021-05-21 17:53:11,121 INFO [n-16d4e28434f3.a-16d4c349bdd1.BrokerBean_RewardOptimization] - running...
2021-05-21 17:53:12,127 INFO [n-16d4e28434f3.a-16d4c349bdd1.BrokerBean_RewardOptimization] - running...
2021-05-21 17:53:13,132 INFO [n-16d4e28434f3.a-16d4c349bdd1.BrokerBean_RewardOptimization] - running...
2021-05-21 17:53:14,142 INFO [n-16d4e28434f3.a-16d4c349bdd1.BrokerBean_RewardOptimization] - running...
2021-05-21 17:53:15,147 INFO [n-16d4e28434f3.a-16d4c349bdd1.BrokerBean_RewardOptimization] - running...
2021-05-21 17:53:16,154 INFO [n-16d4e28434f3.a-16d4c349bdd1.BrokerBean_RewardOptimization] - running...
2021-05-21 17:53:17,160 INFO [n-16d4e28434f3.a-16d4c349bdd1.BrokerBean_RewardOptimization] - running...
2021-05-21 17:53:18,165 INFO [n-16d4e28434f3.a-16d4c349bdd1.BrokerBean_RewardOptimization] - running...
2021-05-21 17:53:19,168 INFO [n-16d4e28434f3.a-16d4c349bdd1.BrokerBean_RewardOptimization] - running...
2021-05-21 17:53:20,169 INFO [n-16d4e28434f3.a-16d4c349bdd1.BrokerBean_RewardOptimization] - running...
2021-05-21 17:53:21,179 INFO [n-16d4e28434f3.a-16d4c349bdd1.BrokerBean_RewardOptimization] - running...
2021-05-21 17:53:22,179 INFO [n-16d4e28434f3.a-16d4c349bdd1.BrokerBean_RewardOptimization] - running...
2021-05-21 17:53:23,186 INFO [n-16d4e28434f3.a-16d4c349bdd1.BrokerBean_RewardOptimization] - running...
2021-05-21 17:53:24,195 INFO [n-16d4e28434f3.a-16d4c349bdd1.BrokerBean_RewardOptimization] - running...
2021-05-21 17:53:25,205 INFO [n-16d4e28434f3.a-16d4c349bdd1.BrokerBean_RewardOptimization] - running...
2021-05-21 17:53:26,212 INFO [n-16d4e28434f3.a-16d4c349bdd1.BrokerBean_RewardOptimization] - running...
2021-05-21 17:53:27,222 INFO [n-16d4e28434f3.a-16d4c349bdd1.BrokerBean_RewardOptimization] - running...
2021-05-21 17:53:28,224 INFO [n-16d4e28434f3.a-16d4c349bdd1.BrokerBean_RewardOptimization] - running...
2021-05-21 17:53:29,229 INFO [n-16d4e28434f3.a-16d4c349bdd1.BrokerBean_RewardOptimization] - running...
2021-05-21 17:53:30,229 INFO [n-16d4e28434f3.a-16d4c349bdd1.BrokerBean_RewardOptimization] - running...
2021-05-21 17:53:31,238 INFO [n-16d4e28434f3.a-16d4c349bdd1.BrokerBean_RewardOptimization] - running...
2021-05-21 17:53:32,240 INFO [n-16d4e28434f3.a-16d4c349bdd1.BrokerBean_RewardOptimization] - running...
2021-05-21 17:53:33,241 INFO [n-16d4e28434f3.a-16d4c349bdd1.BrokerBean_RewardOptimization] - running...
2021-05-21 17:53:34,241 INFO [n-16d4e28434f3.a-16d4c349bdd1.BrokerBean_RewardOptimization] - running...
2021-05-21 17:53:35,244 INFO [n-16d4e28434f3.a-16d4c349bdd1.BrokerBean_RewardOptimization] - running...
2021-05-21 17:53:36,253 INFO [n-16d4e28434f3.a-16d4c349bdd1.BrokerBean_RewardOptimization] - running...
2021-05-21 17:53:37,256 INFO [n-16d4e28434f3.a-16d4c349bdd1.BrokerBean_RewardOptimization] - running...
2021-05-21 17:53:38,262 INFO [n-16d4e28434f3.a-16d4c349bdd1.BrokerBean_RewardOptimization] - running...
2021-05-21 17:53:39,267 INFO [n-16d4e28434f3.a-16d4c349bdd1.BrokerBean_RewardOptimization] - running...
2021-05-21 17:53:40,278 INFO [n-16d4e28434f3.a-16d4c349bdd1.BrokerBean_RewardOptimization] - running...
2021-05-21 17:53:41,282 INFO [n-16d4e28434f3.a-16d4c349bdd1.BrokerBean_RewardOptimization] - running...
2021-05-21 17:53:42,282 INFO [n-16d4e28434f3.a-16d4c349bdd1.BrokerBean_RewardOptimization] - running...
2021-05-21 17:53:43,286 INFO [n-16d4e28434f3.a-16d4c349bdd1.BrokerBean_RewardOptimization] - running...
2021-05-21 17:53:44,286 INFO [n-16d4e28434f3.a-16d4c349bdd1.BrokerBean_RewardOptimization] - running...
2021-05-21 17:53:45,291 INFO [n-16d4e28434f3.a-16d4c349bdd1.BrokerBean_RewardOptimization] - running...
2021-05-21 17:53:46,291 INFO [n-16d4e28434f3.a-16d4c349bdd1.BrokerBean_RewardOptimization] - running...
2021-05-21 17:53:47,302 INFO [n-16d4e28434f3.a-16d4c349bdd1.BrokerBean_RewardOptimization] - running...
2021-05-21 17:53:48,303 INFO [n-16d4e28434f3.a-16d4c349bdd1.BrokerBean_RewardOptimization] - running...
2021-05-21 17:53:49,303 INFO [n-16d4e28434f3.a-16d4c349bdd1.BrokerBean_RewardOptimization] - running...
2021-05-21 17:53:50,309 INFO [n-16d4e28434f3.a-16d4c349bdd1.BrokerBean_RewardOptimization] - running...
2021-05-21 17:53:51,310 INFO [n-16d4e28434f3.a-16d4c349bdd1.BrokerBean_RewardOptimization] - running...
2021-05-21 17:53:52,317 INFO [n-16d4e28434f3.a-16d4c349bdd1.BrokerBean_RewardOptimization] - running...
2021-05-21 17:53:53,328 INFO [n-16d4e28434f3.a-16d4c349bdd1.BrokerBean_RewardOptimization] - running...
2021-05-21 17:53:54,337 INFO [n-16d4e28434f3.a-16d4c349bdd1.BrokerBean_RewardOptimization] - running...
2021-05-21 17:53:55,344 INFO [n-16d4e28434f3.a-16d4c349bdd1.BrokerBean_RewardOptimization] - running...
2021-05-21 17:53:56,345 INFO [n-16d4e28434f3.a-16d4c349bdd1.BrokerBean_RewardOptimization] - running...
2021-05-21 17:53:57,355 INFO [n-16d4e28434f3.a-16d4c349bdd1.BrokerBean_RewardOptimization] - running...
2021-05-21 17:53:58,364 INFO [n-16d4e28434f3.a-16d4c349bdd1.BrokerBean_RewardOptimization] - running...
2021-05-21 17:53:59,364 INFO [n-16d4e28434f3.a-16d4c349bdd1.BrokerBean_RewardOptimization] - running...
2021-05-21 17:54:00,369 INFO [n-16d4e28434f3.a-16d4c349bdd1.BrokerBean_RewardOptimization] - running...
2021-05-21 17:54:01,370 INFO [n-16d4e28434f3.a-16d4c349bdd1.BrokerBean_RewardOptimization] - running...
2021-05-21 17:54:02,371 INFO [n-16d4e28434f3.a-16d4c349bdd1.BrokerBean_RewardOptimization] - running...
2021-05-21 17:54:03,379 INFO [n-16d4e28434f3.a-16d4c349bdd1.BrokerBean_RewardOptimization] - running...
2021-05-21 17:54:04,390 INFO [n-16d4e28434f3.a-16d4c349bdd1.BrokerBean_RewardOptimization] - running...
2021-05-21 17:54:05,392 INFO [n-16d4e28434f3.a-16d4c349bdd1.BrokerBean_RewardOptimization] - running...
2021-05-21 17:54:06,397 INFO [n-16d4e28434f3.a-16d4c349bdd1.BrokerBean_RewardOptimization] - running...
2021-05-21 17:54:07,397 INFO [n-16d4e28434f3.a-16d4c349bdd1.BrokerBean_RewardOptimization] - running...
2021-05-21 17:54:08,407 INFO [n-16d4e28434f3.a-16d4c349bdd1.BrokerBean_RewardOptimization] - running...
2021-05-21 17:54:09,410 INFO [n-16d4e28434f3.a-16d4c349bdd1.BrokerBean_RewardOptimization] - running...
2021-05-21 17:54:10,415 INFO [n-16d4e28434f3.a-16d4c349bdd1.BrokerBean_RewardOptimization] - running...
2021-05-21 17:54:11,422 INFO [n-16d4e28434f3.a-16d4c349bdd1.BrokerBean_RewardOptimization] - running...
2021-05-21 17:54:12,429 INFO [n-16d4e28434f3.a-16d4c349bdd1.BrokerBean_RewardOptimization] - running...
2021-05-21 17:54:13,134 WARN [org.apache.activemq.broker.TransportConnection.Transport] - Transport Connection to: tcp://192.168.178.104:51964 failed: java.io.EOFException
2021-05-21 17:54:13,430 INFO [n-16d4e28434f3.a-16d4c349bdd1.BrokerBean_RewardOptimization] - running...
2021-05-21 17:54:14,431 INFO [n-16d4e28434f3.a-16d4c349bdd1.BrokerBean_RewardOptimization] - running...
2021-05-21 17:54:15,438 INFO [n-16d4e28434f3.a-16d4c349bdd1.BrokerBean_RewardOptimization] - running...
2021-05-21 17:54:16,441 INFO [n-16d4e28434f3.a-16d4c349bdd1.BrokerBean_RewardOptimization] - running...
2021-05-21 17:54:17,453 INFO [n-16d4e28434f3.a-16d4c349bdd1.BrokerBean_RewardOptimization] - running...
2021-05-21 17:54:18,459 INFO [n-16d4e28434f3.a-16d4c349bdd1.BrokerBean_RewardOptimization] - running...
2021-05-21 17:54:19,463 INFO [n-16d4e28434f3.a-16d4c349bdd1.BrokerBean_RewardOptimization] - running...
2021-05-21 17:54:20,468 INFO [n-16d4e28434f3.a-16d4c349bdd1.BrokerBean_RewardOptimization] - running...
2021-05-21 17:54:21,477 INFO [n-16d4e28434f3.a-16d4c349bdd1.BrokerBean_RewardOptimization] - running...
2021-05-21 17:54:22,481 INFO [n-16d4e28434f3.a-16d4c349bdd1.BrokerBean_RewardOptimization] - running...
2021-05-21 17:54:23,486 INFO [n-16d4e28434f3.a-16d4c349bdd1.BrokerBean_RewardOptimization] - running...
2021-05-21 17:54:24,486 INFO [n-16d4e28434f3.a-16d4c349bdd1.BrokerBean_RewardOptimization] - running...
2021-05-21 17:54:25,489 INFO [n-16d4e28434f3.a-16d4c349bdd1.BrokerBean_RewardOptimization] - running...
2021-05-21 17:54:26,497 INFO [n-16d4e28434f3.a-16d4c349bdd1.BrokerBean_RewardOptimization] - running...
2021-05-21 17:54:27,503 INFO [n-16d4e28434f3.a-16d4c349bdd1.BrokerBean_RewardOptimization] - running...
2021-05-21 17:54:28,513 INFO [n-16d4e28434f3.a-16d4c349bdd1.BrokerBean_RewardOptimization] - running...
2021-05-21 17:54:29,523 INFO [n-16d4e28434f3.a-16d4c349bdd1.BrokerBean_RewardOptimization] - running...
2021-05-21 17:54:30,524 INFO [n-16d4e28434f3.a-16d4c349bdd1.BrokerBean_RewardOptimization] - running...
2021-05-21 17:54:31,535 INFO [n-16d4e28434f3.a-16d4c349bdd1.BrokerBean_RewardOptimization] - running...
2021-05-21 17:54:32,539 INFO [n-16d4e28434f3.a-16d4c349bdd1.BrokerBean_RewardOptimization] - running...
2021-05-21 17:54:33,545 INFO [n-16d4e28434f3.a-16d4c349bdd1.BrokerBean_RewardOptimization] - running...
2021-05-21 17:54:34,546 INFO [n-16d4e28434f3.a-16d4c349bdd1.BrokerBean_RewardOptimization] - running...
2021-05-21 17:54:35,549 INFO [n-16d4e28434f3.a-16d4c349bdd1.BrokerBean_RewardOptimization] - running...
2021-05-21 17:54:36,551 INFO [n-16d4e28434f3.a-16d4c349bdd1.BrokerBean_RewardOptimization] - running...
2021-05-21 17:54:37,551 INFO [n-16d4e28434f3.a-16d4c349bdd1.BrokerBean_RewardOptimization] - running...
2021-05-21 17:54:38,551 INFO [n-16d4e28434f3.a-16d4c349bdd1.BrokerBean_RewardOptimization] - running...
2021-05-21 17:54:39,551 INFO [n-16d4e28434f3.a-16d4c349bdd1.BrokerBean_RewardOptimization] - running...
2021-05-21 17:54:40,551 INFO [n-16d4e28434f3.a-16d4c349bdd1.BrokerBean_RewardOptimization] - running...
2021-05-21 17:54:41,551 INFO [n-16d4e28434f3.a-16d4c349bdd1.BrokerBean_RewardOptimization] - running...
2021-05-21 17:54:42,551 INFO [n-16d4e28434f3.a-16d4c349bdd1.BrokerBean_RewardOptimization] - running...
2021-05-21 17:54:43,558 INFO [n-16d4e28434f3.a-16d4c349bdd1.BrokerBean_RewardOptimization] - running...
2021-05-21 17:54:44,563 INFO [n-16d4e28434f3.a-16d4c349bdd1.BrokerBean_RewardOptimization] - running...
2021-05-21 17:54:45,574 INFO [n-16d4e28434f3.a-16d4c349bdd1.BrokerBean_RewardOptimization] - running...
2021-05-21 17:54:46,581 INFO [n-16d4e28434f3.a-16d4c349bdd1.BrokerBean_RewardOptimization] - running...
2021-05-21 17:54:47,588 INFO [n-16d4e28434f3.a-16d4c349bdd1.BrokerBean_RewardOptimization] - running...
2021-05-21 17:54:48,588 INFO [n-16d4e28434f3.a-16d4c349bdd1.BrokerBean_RewardOptimization] - running...
2021-05-21 17:54:49,595 INFO [n-16d4e28434f3.a-16d4c349bdd1.BrokerBean_RewardOptimization] - running...
2021-05-21 17:54:49,631 WARN [n-16d4e28434f3.IDirectory] - Forget nodes due to missing alive message:

2021-05-21 17:54:49,631 WARN [n-16d4e28434f3.IDirectory] - 	df@n-16d2e07cfebc
2021-05-21 17:54:50,596 INFO [n-16d4e28434f3.a-16d4c349bdd1.BrokerBean_RewardOptimization] - running...
2021-05-21 17:54:50,596 WARN [n-16d4e28434f3.IDirectory] - Cannot find agent:
Agent:
 name='ServerAgent'
 aid=null
 owner=null
 state=null
 messageBoxAddress=null
 mobile=false

2021-05-21 17:54:51,606 INFO [n-16d4e28434f3.a-16d4c349bdd1.BrokerBean_RewardOptimization] - running...
2021-05-21 17:54:51,607 WARN [n-16d4e28434f3.IDirectory] - Cannot find agent:
Agent:
 name='ServerAgent'
 aid=null
 owner=null
 state=null
 messageBoxAddress=null
 mobile=false

2021-05-21 17:54:52,612 INFO [n-16d4e28434f3.a-16d4c349bdd1.BrokerBean_RewardOptimization] - running...
2021-05-21 17:54:52,613 WARN [n-16d4e28434f3.IDirectory] - Cannot find agent:
Agent:
 name='ServerAgent'
 aid=null
 owner=null
 state=null
 messageBoxAddress=null
 mobile=false

2021-05-21 17:54:53,618 INFO [n-16d4e28434f3.a-16d4c349bdd1.BrokerBean_RewardOptimization] - running...
2021-05-21 17:54:53,619 WARN [n-16d4e28434f3.IDirectory] - Cannot find agent:
Agent:
 name='ServerAgent'
 aid=null
 owner=null
 state=null
 messageBoxAddress=null
 mobile=false

2021-05-21 17:54:54,625 INFO [n-16d4e28434f3.a-16d4c349bdd1.BrokerBean_RewardOptimization] - running...
2021-05-21 17:54:54,626 WARN [n-16d4e28434f3.IDirectory] - Cannot find agent:
Agent:
 name='ServerAgent'
 aid=null
 owner=null
 state=null
 messageBoxAddress=null
 mobile=false

2021-05-21 17:54:55,625 INFO [n-16d4e28434f3.a-16d4c349bdd1.BrokerBean_RewardOptimization] - running...
2021-05-21 17:54:55,626 WARN [n-16d4e28434f3.IDirectory] - Cannot find agent:
Agent:
 name='ServerAgent'
 aid=null
 owner=null
 state=null
 messageBoxAddress=null
 mobile=false

2021-05-21 17:54:56,632 INFO [n-16d4e28434f3.a-16d4c349bdd1.BrokerBean_RewardOptimization] - running...
2021-05-21 17:54:56,633 WARN [n-16d4e28434f3.IDirectory] - Cannot find agent:
Agent:
 name='ServerAgent'
 aid=null
 owner=null
 state=null
 messageBoxAddress=null
 mobile=false

2021-05-21 17:54:57,642 INFO [n-16d4e28434f3.a-16d4c349bdd1.BrokerBean_RewardOptimization] - running...
2021-05-21 17:54:57,642 WARN [n-16d4e28434f3.IDirectory] - Cannot find agent:
Agent:
 name='ServerAgent'
 aid=null
 owner=null
 state=null
 messageBoxAddress=null
 mobile=false

2021-05-21 17:54:58,650 INFO [n-16d4e28434f3.a-16d4c349bdd1.BrokerBean_RewardOptimization] - running...
2021-05-21 17:54:58,651 WARN [n-16d4e28434f3.IDirectory] - Cannot find agent:
Agent:
 name='ServerAgent'
 aid=null
 owner=null
 state=null
 messageBoxAddress=null
 mobile=false

2021-05-21 17:54:59,650 INFO [n-16d4e28434f3.a-16d4c349bdd1.BrokerBean_RewardOptimization] - running...
2021-05-21 17:54:59,651 WARN [n-16d4e28434f3.IDirectory] - Cannot find agent:
Agent:
 name='ServerAgent'
 aid=null
 owner=null
 state=null
 messageBoxAddress=null
 mobile=false

2021-05-21 17:55:00,655 INFO [n-16d4e28434f3.a-16d4c349bdd1.BrokerBean_RewardOptimization] - running...
2021-05-21 17:55:00,655 WARN [n-16d4e28434f3.IDirectory] - Cannot find agent:
Agent:
 name='ServerAgent'
 aid=null
 owner=null
 state=null
 messageBoxAddress=null
 mobile=false

2021-05-21 17:55:01,662 INFO [n-16d4e28434f3.a-16d4c349bdd1.BrokerBean_RewardOptimization] - running...
2021-05-21 17:55:01,662 WARN [n-16d4e28434f3.IDirectory] - Cannot find agent:
Agent:
 name='ServerAgent'
 aid=null
 owner=null
 state=null
 messageBoxAddress=null
 mobile=false

2021-05-21 17:55:02,666 INFO [n-16d4e28434f3.a-16d4c349bdd1.BrokerBean_RewardOptimization] - running...
2021-05-21 17:55:02,667 WARN [n-16d4e28434f3.IDirectory] - Cannot find agent:
Agent:
 name='ServerAgent'
 aid=null
 owner=null
 state=null
 messageBoxAddress=null
 mobile=false

2021-05-21 17:55:03,670 INFO [n-16d4e28434f3.a-16d4c349bdd1.BrokerBean_RewardOptimization] - running...
2021-05-21 17:55:03,670 WARN [n-16d4e28434f3.IDirectory] - Cannot find agent:
Agent:
 name='ServerAgent'
 aid=null
 owner=null
 state=null
 messageBoxAddress=null
 mobile=false

2021-05-21 17:55:04,676 INFO [n-16d4e28434f3.a-16d4c349bdd1.BrokerBean_RewardOptimization] - running...
2021-05-21 17:55:04,676 WARN [n-16d4e28434f3.IDirectory] - Cannot find agent:
Agent:
 name='ServerAgent'
 aid=null
 owner=null
 state=null
 messageBoxAddress=null
 mobile=false

2021-05-21 17:55:05,680 INFO [n-16d4e28434f3.a-16d4c349bdd1.BrokerBean_RewardOptimization] - running...
2021-05-21 17:55:05,680 WARN [n-16d4e28434f3.IDirectory] - Cannot find agent:
Agent:
 name='ServerAgent'
 aid=null
 owner=null
 state=null
 messageBoxAddress=null
 mobile=false

2021-05-21 17:55:06,687 INFO [n-16d4e28434f3.a-16d4c349bdd1.BrokerBean_RewardOptimization] - running...
2021-05-21 17:55:06,688 WARN [n-16d4e28434f3.IDirectory] - Cannot find agent:
Agent:
 name='ServerAgent'
 aid=null
 owner=null
 state=null
 messageBoxAddress=null
 mobile=false

2021-05-21 17:55:07,695 INFO [n-16d4e28434f3.a-16d4c349bdd1.BrokerBean_RewardOptimization] - running...
2021-05-21 17:55:07,695 WARN [n-16d4e28434f3.IDirectory] - Cannot find agent:
Agent:
 name='ServerAgent'
 aid=null
 owner=null
 state=null
 messageBoxAddress=null
 mobile=false

2021-05-21 17:55:08,700 INFO [n-16d4e28434f3.a-16d4c349bdd1.BrokerBean_RewardOptimization] - running...
2021-05-21 17:55:08,700 WARN [n-16d4e28434f3.IDirectory] - Cannot find agent:
Agent:
 name='ServerAgent'
 aid=null
 owner=null
 state=null
 messageBoxAddress=null
 mobile=false

2021-05-21 17:55:09,700 INFO [n-16d4e28434f3.a-16d4c349bdd1.BrokerBean_RewardOptimization] - running...
2021-05-21 17:55:09,700 WARN [n-16d4e28434f3.IDirectory] - Cannot find agent:
Agent:
 name='ServerAgent'
 aid=null
 owner=null
 state=null
 messageBoxAddress=null
 mobile=false

2021-05-21 17:55:10,702 INFO [n-16d4e28434f3.a-16d4c349bdd1.BrokerBean_RewardOptimization] - running...
2021-05-21 17:55:10,702 WARN [n-16d4e28434f3.IDirectory] - Cannot find agent:
Agent:
 name='ServerAgent'
 aid=null
 owner=null
 state=null
 messageBoxAddress=null
 mobile=false

2021-05-21 17:55:11,710 INFO [n-16d4e28434f3.a-16d4c349bdd1.BrokerBean_RewardOptimization] - running...
2021-05-21 17:55:11,711 WARN [n-16d4e28434f3.IDirectory] - Cannot find agent:
Agent:
 name='ServerAgent'
 aid=null
 owner=null
 state=null
 messageBoxAddress=null
 mobile=false

2021-05-21 17:55:12,715 INFO [n-16d4e28434f3.a-16d4c349bdd1.BrokerBean_RewardOptimization] - running...
2021-05-21 17:55:12,715 WARN [n-16d4e28434f3.IDirectory] - Cannot find agent:
Agent:
 name='ServerAgent'
 aid=null
 owner=null
 state=null
 messageBoxAddress=null
 mobile=false

2021-05-21 17:55:13,725 INFO [n-16d4e28434f3.a-16d4c349bdd1.BrokerBean_RewardOptimization] - running...
2021-05-21 17:55:13,725 WARN [n-16d4e28434f3.IDirectory] - Cannot find agent:
Agent:
 name='ServerAgent'
 aid=null
 owner=null
 state=null
 messageBoxAddress=null
 mobile=false

2021-05-21 17:55:14,730 INFO [n-16d4e28434f3.a-16d4c349bdd1.BrokerBean_RewardOptimization] - running...
2021-05-21 17:55:14,730 WARN [n-16d4e28434f3.IDirectory] - Cannot find agent:
Agent:
 name='ServerAgent'
 aid=null
 owner=null
 state=null
 messageBoxAddress=null
 mobile=false

2021-05-21 17:55:15,737 INFO [n-16d4e28434f3.a-16d4c349bdd1.BrokerBean_RewardOptimization] - running...
2021-05-21 17:55:15,737 WARN [n-16d4e28434f3.IDirectory] - Cannot find agent:
Agent:
 name='ServerAgent'
 aid=null
 owner=null
 state=null
 messageBoxAddress=null
 mobile=false

2021-05-21 17:55:16,737 INFO [n-16d4e28434f3.a-16d4c349bdd1.BrokerBean_RewardOptimization] - running...
2021-05-21 17:55:16,737 WARN [n-16d4e28434f3.IDirectory] - Cannot find agent:
Agent:
 name='ServerAgent'
 aid=null
 owner=null
 state=null
 messageBoxAddress=null
 mobile=false

2021-05-21 17:55:17,746 INFO [n-16d4e28434f3.a-16d4c349bdd1.BrokerBean_RewardOptimization] - running...
2021-05-21 17:55:17,746 WARN [n-16d4e28434f3.IDirectory] - Cannot find agent:
Agent:
 name='ServerAgent'
 aid=null
 owner=null
 state=null
 messageBoxAddress=null
 mobile=false

2021-05-21 17:55:18,757 INFO [n-16d4e28434f3.a-16d4c349bdd1.BrokerBean_RewardOptimization] - running...
2021-05-21 17:55:18,757 WARN [n-16d4e28434f3.IDirectory] - Cannot find agent:
Agent:
 name='ServerAgent'
 aid=null
 owner=null
 state=null
 messageBoxAddress=null
 mobile=false

2021-05-21 17:55:19,762 INFO [n-16d4e28434f3.a-16d4c349bdd1.BrokerBean_RewardOptimization] - running...
2021-05-21 17:55:19,762 WARN [n-16d4e28434f3.IDirectory] - Cannot find agent:
Agent:
 name='ServerAgent'
 aid=null
 owner=null
 state=null
 messageBoxAddress=null
 mobile=false

2021-05-21 17:55:20,762 INFO [n-16d4e28434f3.a-16d4c349bdd1.BrokerBean_RewardOptimization] - running...
2021-05-21 17:55:20,762 WARN [n-16d4e28434f3.IDirectory] - Cannot find agent:
Agent:
 name='ServerAgent'
 aid=null
 owner=null
 state=null
 messageBoxAddress=null
 mobile=false

2021-05-21 17:55:21,773 INFO [n-16d4e28434f3.a-16d4c349bdd1.BrokerBean_RewardOptimization] - running...
2021-05-21 17:55:21,773 WARN [n-16d4e28434f3.IDirectory] - Cannot find agent:
Agent:
 name='ServerAgent'
 aid=null
 owner=null
 state=null
 messageBoxAddress=null
 mobile=false

2021-05-21 17:55:22,776 INFO [n-16d4e28434f3.a-16d4c349bdd1.BrokerBean_RewardOptimization] - running...
2021-05-21 17:55:22,776 WARN [n-16d4e28434f3.IDirectory] - Cannot find agent:
Agent:
 name='ServerAgent'
 aid=null
 owner=null
 state=null
 messageBoxAddress=null
 mobile=false

2021-05-21 17:55:23,779 INFO [n-16d4e28434f3.a-16d4c349bdd1.BrokerBean_RewardOptimization] - running...
2021-05-21 17:55:23,780 WARN [n-16d4e28434f3.IDirectory] - Cannot find agent:
Agent:
 name='ServerAgent'
 aid=null
 owner=null
 state=null
 messageBoxAddress=null
 mobile=false

2021-05-21 17:55:24,784 INFO [n-16d4e28434f3.a-16d4c349bdd1.BrokerBean_RewardOptimization] - running...
2021-05-21 17:55:24,784 WARN [n-16d4e28434f3.IDirectory] - Cannot find agent:
Agent:
 name='ServerAgent'
 aid=null
 owner=null
 state=null
 messageBoxAddress=null
 mobile=false

2021-05-21 17:55:25,790 INFO [n-16d4e28434f3.a-16d4c349bdd1.BrokerBean_RewardOptimization] - running...
2021-05-21 17:55:25,790 WARN [n-16d4e28434f3.IDirectory] - Cannot find agent:
Agent:
 name='ServerAgent'
 aid=null
 owner=null
 state=null
 messageBoxAddress=null
 mobile=false

2021-05-21 17:55:26,796 INFO [n-16d4e28434f3.a-16d4c349bdd1.BrokerBean_RewardOptimization] - running...
2021-05-21 17:55:26,796 WARN [n-16d4e28434f3.IDirectory] - Cannot find agent:
Agent:
 name='ServerAgent'
 aid=null
 owner=null
 state=null
 messageBoxAddress=null
 mobile=false

2021-05-21 17:55:27,804 INFO [n-16d4e28434f3.a-16d4c349bdd1.BrokerBean_RewardOptimization] - running...
2021-05-21 17:55:27,805 WARN [n-16d4e28434f3.IDirectory] - Cannot find agent:
Agent:
 name='ServerAgent'
 aid=null
 owner=null
 state=null
 messageBoxAddress=null
 mobile=false

2021-05-21 17:55:28,810 INFO [n-16d4e28434f3.a-16d4c349bdd1.BrokerBean_RewardOptimization] - running...
2021-05-21 17:55:28,810 WARN [n-16d4e28434f3.IDirectory] - Cannot find agent:
Agent:
 name='ServerAgent'
 aid=null
 owner=null
 state=null
 messageBoxAddress=null
 mobile=false

2021-05-21 17:55:29,810 INFO [n-16d4e28434f3.a-16d4c349bdd1.BrokerBean_RewardOptimization] - running...
2021-05-21 17:55:29,811 WARN [n-16d4e28434f3.IDirectory] - Cannot find agent:
Agent:
 name='ServerAgent'
 aid=null
 owner=null
 state=null
 messageBoxAddress=null
 mobile=false

2021-05-21 17:55:30,813 INFO [n-16d4e28434f3.a-16d4c349bdd1.BrokerBean_RewardOptimization] - running...
2021-05-21 17:55:30,814 WARN [n-16d4e28434f3.IDirectory] - Cannot find agent:
Agent:
 name='ServerAgent'
 aid=null
 owner=null
 state=null
 messageBoxAddress=null
 mobile=false

2021-05-21 17:55:31,817 INFO [n-16d4e28434f3.a-16d4c349bdd1.BrokerBean_RewardOptimization] - running...
2021-05-21 17:55:31,818 WARN [n-16d4e28434f3.IDirectory] - Cannot find agent:
Agent:
 name='ServerAgent'
 aid=null
 owner=null
 state=null
 messageBoxAddress=null
 mobile=false

2021-05-21 17:55:32,824 INFO [n-16d4e28434f3.a-16d4c349bdd1.BrokerBean_RewardOptimization] - running...
2021-05-21 17:55:32,824 WARN [n-16d4e28434f3.IDirectory] - Cannot find agent:
Agent:
 name='ServerAgent'
 aid=null
 owner=null
 state=null
 messageBoxAddress=null
 mobile=false

2021-05-21 17:55:33,828 INFO [n-16d4e28434f3.a-16d4c349bdd1.BrokerBean_RewardOptimization] - running...
2021-05-21 17:55:33,828 WARN [n-16d4e28434f3.IDirectory] - Cannot find agent:
Agent:
 name='ServerAgent'
 aid=null
 owner=null
 state=null
 messageBoxAddress=null
 mobile=false

2021-05-21 17:55:34,833 INFO [n-16d4e28434f3.a-16d4c349bdd1.BrokerBean_RewardOptimization] - running...
2021-05-21 17:55:34,834 WARN [n-16d4e28434f3.IDirectory] - Cannot find agent:
Agent:
 name='ServerAgent'
 aid=null
 owner=null
 state=null
 messageBoxAddress=null
 mobile=false

2021-05-21 17:55:35,836 INFO [n-16d4e28434f3.a-16d4c349bdd1.BrokerBean_RewardOptimization] - running...
2021-05-21 17:55:35,837 WARN [n-16d4e28434f3.IDirectory] - Cannot find agent:
Agent:
 name='ServerAgent'
 aid=null
 owner=null
 state=null
 messageBoxAddress=null
 mobile=false

2021-05-21 17:55:36,837 INFO [n-16d4e28434f3.a-16d4c349bdd1.BrokerBean_RewardOptimization] - running...
2021-05-21 17:55:36,837 WARN [n-16d4e28434f3.IDirectory] - Cannot find agent:
Agent:
 name='ServerAgent'
 aid=null
 owner=null
 state=null
 messageBoxAddress=null
 mobile=false

2021-05-21 17:55:37,837 INFO [n-16d4e28434f3.a-16d4c349bdd1.BrokerBean_RewardOptimization] - running...
2021-05-21 17:55:37,837 WARN [n-16d4e28434f3.IDirectory] - Cannot find agent:
Agent:
 name='ServerAgent'
 aid=null
 owner=null
 state=null
 messageBoxAddress=null
 mobile=false

2021-05-21 17:55:38,840 INFO [n-16d4e28434f3.a-16d4c349bdd1.BrokerBean_RewardOptimization] - running...
2021-05-21 17:55:38,840 WARN [n-16d4e28434f3.IDirectory] - Cannot find agent:
Agent:
 name='ServerAgent'
 aid=null
 owner=null
 state=null
 messageBoxAddress=null
 mobile=false

2021-05-21 17:55:39,844 INFO [n-16d4e28434f3.a-16d4c349bdd1.BrokerBean_RewardOptimization] - running...
2021-05-21 17:55:39,845 WARN [n-16d4e28434f3.IDirectory] - Cannot find agent:
Agent:
 name='ServerAgent'
 aid=null
 owner=null
 state=null
 messageBoxAddress=null
 mobile=false

2021-05-21 17:55:40,249 ERROR [org.apache.activemq.thread.TaskRunnerFactory] - Error in thread 'ActiveMQ VMTransport: vm://n-16d4e28434f3StandardJMSBroker#1-1'
org.apache.activemq.broker.BrokerStoppedException: Broker BrokerService[n-16d4e28434f3StandardJMSBroker] is being stopped
	at org.apache.activemq.broker.TransportConnection$1.onCommand(TransportConnection.java:193)
	at org.apache.activemq.transport.ResponseCorrelator.onCommand(ResponseCorrelator.java:116)
	at org.apache.activemq.transport.MutexTransport.onCommand(MutexTransport.java:50)
	at org.apache.activemq.transport.vm.VMTransport.iterate(VMTransport.java:270)
	at org.apache.activemq.thread.PooledTaskRunner.runTask(PooledTaskRunner.java:133)
	at org.apache.activemq.thread.PooledTaskRunner$1.run(PooledTaskRunner.java:48)
	at java.base/java.util.concurrent.ThreadPoolExecutor.runWorker(ThreadPoolExecutor.java:1130)
	at java.base/java.util.concurrent.ThreadPoolExecutor$Worker.run(ThreadPoolExecutor.java:630)
	at java.base/java.lang.Thread.run(Thread.java:831)
2021-05-21 17:55:40,254 ERROR [n-16d4e28434f3.IDirectory.jms] - Sending of Message to address 'group:df@dfgroup' through JMS failed!
javax.jms.JMSException: peer (vm://n-16d4e28434f3StandardJMSBroker#1) stopped.
	at org.apache.activemq.util.JMSExceptionSupport.create(JMSExceptionSupport.java:54)
	at org.apache.activemq.ActiveMQConnection.syncSendPacket(ActiveMQConnection.java:1398)
	at org.apache.activemq.ActiveMQConnection.syncSendPacket(ActiveMQConnection.java:1324)
	at org.apache.activemq.ActiveMQSession.send(ActiveMQSession.java:1971)
	at org.apache.activemq.ActiveMQMessageProducer.send(ActiveMQMessageProducer.java:288)
	at org.apache.activemq.ActiveMQMessageProducer.send(ActiveMQMessageProducer.java:223)
	at de.dailab.jiactng.agentcore.comm.transport.jms.JMSSender.sendMessage(JMSSender.java:52)
	at de.dailab.jiactng.agentcore.comm.transport.jms.JMSSender.send(JMSSender.java:43)
	at de.dailab.jiactng.agentcore.comm.transport.jms.JMSMessageTransport.send(JMSMessageTransport.java:215)
	at de.dailab.jiactng.agentcore.directory.DirectoryAgentNodeBean.sendMessage(DirectoryAgentNodeBean.java:1472)
	at de.dailab.jiactng.agentcore.directory.DirectoryAgentNodeBean.doStop(DirectoryAgentNodeBean.java:295)
	at de.dailab.jiactng.agentcore.lifecycle.AbstractLifecycle.stop(AbstractLifecycle.java:181)
	at de.dailab.jiactng.agentcore.SimpleAgentNode.doStop(SimpleAgentNode.java:978)
	at de.dailab.jiactng.agentcore.lifecycle.AbstractLifecycle.stop(AbstractLifecycle.java:181)
	at de.dailab.jiactng.agentcore.SimpleAgentNode.shutdown(SimpleAgentNode.java:819)
	at de.dailab.jiactng.agentcore.SimpleAgentNode$1.run(SimpleAgentNode.java:144)
Caused by: org.apache.activemq.transport.TransportDisposedIOException: peer (vm://n-16d4e28434f3StandardJMSBroker#1) stopped.
	at org.apache.activemq.transport.vm.VMTransport.stop(VMTransport.java:229)
	at org.apache.activemq.transport.TransportFilter.stop(TransportFilter.java:65)
	at org.apache.activemq.transport.TransportFilter.stop(TransportFilter.java:65)
	at org.apache.activemq.transport.ResponseCorrelator.stop(ResponseCorrelator.java:132)
	at org.apache.activemq.broker.TransportConnection.doStop(TransportConnection.java:1164)
	at org.apache.activemq.broker.TransportConnection$4.run(TransportConnection.java:1130)
	at java.base/java.util.concurrent.ThreadPoolExecutor.runWorker(ThreadPoolExecutor.java:1130)
	at java.base/java.util.concurrent.ThreadPoolExecutor$Worker.run(ThreadPoolExecutor.java:630)
	at java.base/java.lang.Thread.run(Thread.java:831)
2021-05-21 17:55:40,254 ERROR [n-16d4e28434f3.IDirectory] - sendMessage failed. Message:
[Headers: {JiacTNGSenderAddress=>msgbox:df@n-16d4e28434f3;JiacTNGProtocolID=>df:bye;JiacTNGGroupAddress=>df@dfgroup;UUID=>n-16d4e28434f3}, Payload: null, Sender: msgbox:df@n-16d4e28434f3]
de.dailab.jiactng.agentcore.comm.CommunicationException: error while sending message
	at de.dailab.jiactng.agentcore.comm.transport.jms.JMSMessageTransport.send(JMSMessageTransport.java:221)
	at de.dailab.jiactng.agentcore.directory.DirectoryAgentNodeBean.sendMessage(DirectoryAgentNodeBean.java:1472)
	at de.dailab.jiactng.agentcore.directory.DirectoryAgentNodeBean.doStop(DirectoryAgentNodeBean.java:295)
	at de.dailab.jiactng.agentcore.lifecycle.AbstractLifecycle.stop(AbstractLifecycle.java:181)
	at de.dailab.jiactng.agentcore.SimpleAgentNode.doStop(SimpleAgentNode.java:978)
	at de.dailab.jiactng.agentcore.lifecycle.AbstractLifecycle.stop(AbstractLifecycle.java:181)
	at de.dailab.jiactng.agentcore.SimpleAgentNode.shutdown(SimpleAgentNode.java:819)
	at de.dailab.jiactng.agentcore.SimpleAgentNode$1.run(SimpleAgentNode.java:144)
Caused by: javax.jms.JMSException: peer (vm://n-16d4e28434f3StandardJMSBroker#1) stopped.
	at org.apache.activemq.util.JMSExceptionSupport.create(JMSExceptionSupport.java:54)
	at org.apache.activemq.ActiveMQConnection.syncSendPacket(ActiveMQConnection.java:1398)
	at org.apache.activemq.ActiveMQConnection.syncSendPacket(ActiveMQConnection.java:1324)
	at org.apache.activemq.ActiveMQSession.send(ActiveMQSession.java:1971)
	at org.apache.activemq.ActiveMQMessageProducer.send(ActiveMQMessageProducer.java:288)
	at org.apache.activemq.ActiveMQMessageProducer.send(ActiveMQMessageProducer.java:223)
	at de.dailab.jiactng.agentcore.comm.transport.jms.JMSSender.sendMessage(JMSSender.java:52)
	at de.dailab.jiactng.agentcore.comm.transport.jms.JMSSender.send(JMSSender.java:43)
	at de.dailab.jiactng.agentcore.comm.transport.jms.JMSMessageTransport.send(JMSMessageTransport.java:215)
	... 7 more
Caused by: org.apache.activemq.transport.TransportDisposedIOException: peer (vm://n-16d4e28434f3StandardJMSBroker#1) stopped.
	at org.apache.activemq.transport.vm.VMTransport.stop(VMTransport.java:229)
	at org.apache.activemq.transport.TransportFilter.stop(TransportFilter.java:65)
	at org.apache.activemq.transport.TransportFilter.stop(TransportFilter.java:65)
	at org.apache.activemq.transport.ResponseCorrelator.stop(ResponseCorrelator.java:132)
	at org.apache.activemq.broker.TransportConnection.doStop(TransportConnection.java:1164)
	at org.apache.activemq.broker.TransportConnection$4.run(TransportConnection.java:1130)
	at java.base/java.util.concurrent.ThreadPoolExecutor.runWorker(ThreadPoolExecutor.java:1130)
	at java.base/java.util.concurrent.ThreadPoolExecutor$Worker.run(ThreadPoolExecutor.java:630)
	at java.base/java.lang.Thread.run(Thread.java:831)
2021-05-21 17:55:40,255 WARN [n-16d4e28434f3.a-16d4c349bdd1.CommunicationBean.jms] - could not stop JMS connection 
org.apache.activemq.ConnectionFailedException: The JMS connection has failed: peer (vm://n-16d4e28434f3StandardJMSBroker#3) stopped.
	at org.apache.activemq.ActiveMQConnection.checkClosedOrFailed(ActiveMQConnection.java:1471)
	at org.apache.activemq.ActiveMQConnection.doStop(ActiveMQConnection.java:575)
	at org.apache.activemq.ActiveMQConnection.stop(ActiveMQConnection.java:564)
	at de.dailab.jiactng.agentcore.comm.transport.jms.JMSMessageTransport.doCleanup(JMSMessageTransport.java:103)
	at de.dailab.jiactng.agentcore.comm.CommunicationBean.doCleanup(CommunicationBean.java:172)
	at de.dailab.jiactng.agentcore.lifecycle.AbstractLifecycle.cleanup(AbstractLifecycle.java:221)
	at de.dailab.jiactng.agentcore.Agent.doCleanup(Agent.java:370)
	at de.dailab.jiactng.agentcore.lifecycle.AbstractLifecycle.cleanup(AbstractLifecycle.java:221)
	at de.dailab.jiactng.agentcore.SimpleAgentNode.doCleanup(SimpleAgentNode.java:996)
	at de.dailab.jiactng.agentcore.lifecycle.AbstractLifecycle.cleanup(AbstractLifecycle.java:221)
	at de.dailab.jiactng.agentcore.SimpleAgentNode.shutdown(SimpleAgentNode.java:820)
	at de.dailab.jiactng.agentcore.SimpleAgentNode$1.run(SimpleAgentNode.java:144)
Caused by: org.apache.activemq.transport.TransportDisposedIOException: peer (vm://n-16d4e28434f3StandardJMSBroker#3) stopped.
	at org.apache.activemq.transport.vm.VMTransport.stop(VMTransport.java:229)
	at org.apache.activemq.transport.TransportFilter.stop(TransportFilter.java:65)
	at org.apache.activemq.transport.TransportFilter.stop(TransportFilter.java:65)
	at org.apache.activemq.transport.ResponseCorrelator.stop(ResponseCorrelator.java:132)
	at org.apache.activemq.broker.TransportConnection.doStop(TransportConnection.java:1164)
	at org.apache.activemq.broker.TransportConnection$4.run(TransportConnection.java:1130)
	at java.base/java.util.concurrent.ThreadPoolExecutor.runWorker(ThreadPoolExecutor.java:1130)
	at java.base/java.util.concurrent.ThreadPoolExecutor$Worker.run(ThreadPoolExecutor.java:630)
	at java.base/java.lang.Thread.run(Thread.java:831)
2021-05-21 17:55:40,257 WARN [n-16d4e28434f3.a-16d4c386830c.CommunicationBean.jms] - could not stop JMS connection 
org.apache.activemq.ConnectionFailedException: The JMS connection has failed: peer (vm://n-16d4e28434f3StandardJMSBroker#5) stopped.
	at org.apache.activemq.ActiveMQConnection.checkClosedOrFailed(ActiveMQConnection.java:1471)
	at org.apache.activemq.ActiveMQConnection.doStop(ActiveMQConnection.java:575)
	at org.apache.activemq.ActiveMQConnection.stop(ActiveMQConnection.java:564)
	at de.dailab.jiactng.agentcore.comm.transport.jms.JMSMessageTransport.doCleanup(JMSMessageTransport.java:103)
	at de.dailab.jiactng.agentcore.comm.CommunicationBean.doCleanup(CommunicationBean.java:172)
	at de.dailab.jiactng.agentcore.lifecycle.AbstractLifecycle.cleanup(AbstractLifecycle.java:221)
	at de.dailab.jiactng.agentcore.Agent.doCleanup(Agent.java:370)
	at de.dailab.jiactng.agentcore.lifecycle.AbstractLifecycle.cleanup(AbstractLifecycle.java:221)
	at de.dailab.jiactng.agentcore.SimpleAgentNode.doCleanup(SimpleAgentNode.java:996)
	at de.dailab.jiactng.agentcore.lifecycle.AbstractLifecycle.cleanup(AbstractLifecycle.java:221)
	at de.dailab.jiactng.agentcore.SimpleAgentNode.shutdown(SimpleAgentNode.java:820)
	at de.dailab.jiactng.agentcore.SimpleAgentNode$1.run(SimpleAgentNode.java:144)
Caused by: org.apache.activemq.transport.TransportDisposedIOException: peer (vm://n-16d4e28434f3StandardJMSBroker#5) stopped.
	at org.apache.activemq.transport.vm.VMTransport.stop(VMTransport.java:229)
	at org.apache.activemq.transport.TransportFilter.stop(TransportFilter.java:65)
	at org.apache.activemq.transport.TransportFilter.stop(TransportFilter.java:65)
	at org.apache.activemq.transport.ResponseCorrelator.stop(ResponseCorrelator.java:132)
	at org.apache.activemq.broker.TransportConnection.doStop(TransportConnection.java:1164)
	at org.apache.activemq.broker.TransportConnection$4.run(TransportConnection.java:1130)
	at java.base/java.util.concurrent.ThreadPoolExecutor.runWorker(ThreadPoolExecutor.java:1130)
	at java.base/java.util.concurrent.ThreadPoolExecutor$Worker.run(ThreadPoolExecutor.java:630)
	at java.base/java.lang.Thread.run(Thread.java:831)
2021-05-21 17:55:40,258 WARN [n-16d4e28434f3.a-16d4fdc8297b.CommunicationBean.jms] - could not stop JMS connection 
org.apache.activemq.ConnectionFailedException: The JMS connection has failed: peer (vm://n-16d4e28434f3StandardJMSBroker#7) stopped.
	at org.apache.activemq.ActiveMQConnection.checkClosedOrFailed(ActiveMQConnection.java:1471)
	at org.apache.activemq.ActiveMQConnection.doStop(ActiveMQConnection.java:575)
	at org.apache.activemq.ActiveMQConnection.stop(ActiveMQConnection.java:564)
	at de.dailab.jiactng.agentcore.comm.transport.jms.JMSMessageTransport.doCleanup(JMSMessageTransport.java:103)
	at de.dailab.jiactng.agentcore.comm.CommunicationBean.doCleanup(CommunicationBean.java:172)
	at de.dailab.jiactng.agentcore.lifecycle.AbstractLifecycle.cleanup(AbstractLifecycle.java:221)
	at de.dailab.jiactng.agentcore.Agent.doCleanup(Agent.java:370)
	at de.dailab.jiactng.agentcore.lifecycle.AbstractLifecycle.cleanup(AbstractLifecycle.java:221)
	at de.dailab.jiactng.agentcore.SimpleAgentNode.doCleanup(SimpleAgentNode.java:996)
	at de.dailab.jiactng.agentcore.lifecycle.AbstractLifecycle.cleanup(AbstractLifecycle.java:221)
	at de.dailab.jiactng.agentcore.SimpleAgentNode.shutdown(SimpleAgentNode.java:820)
	at de.dailab.jiactng.agentcore.SimpleAgentNode$1.run(SimpleAgentNode.java:144)
Caused by: org.apache.activemq.transport.TransportDisposedIOException: peer (vm://n-16d4e28434f3StandardJMSBroker#7) stopped.
	at org.apache.activemq.transport.vm.VMTransport.stop(VMTransport.java:229)
	at org.apache.activemq.transport.TransportFilter.stop(TransportFilter.java:65)
	at org.apache.activemq.transport.TransportFilter.stop(TransportFilter.java:65)
	at org.apache.activemq.transport.ResponseCorrelator.stop(ResponseCorrelator.java:132)
	at org.apache.activemq.broker.TransportConnection.doStop(TransportConnection.java:1164)
	at org.apache.activemq.broker.TransportConnection$4.run(TransportConnection.java:1130)
	at java.base/java.util.concurrent.ThreadPoolExecutor.runWorker(ThreadPoolExecutor.java:1130)
	at java.base/java.util.concurrent.ThreadPoolExecutor$Worker.run(ThreadPoolExecutor.java:630)
	at java.base/java.lang.Thread.run(Thread.java:831)
2021-05-21 17:55:40,258 WARN [n-16d4e28434f3.a-16d4fb2d1c8c.CommunicationBean.jms] - could not stop JMS connection 
org.apache.activemq.ConnectionFailedException: The JMS connection has failed: peer (vm://n-16d4e28434f3StandardJMSBroker#9) stopped.
	at org.apache.activemq.ActiveMQConnection.checkClosedOrFailed(ActiveMQConnection.java:1471)
	at org.apache.activemq.ActiveMQConnection.doStop(ActiveMQConnection.java:575)
	at org.apache.activemq.ActiveMQConnection.stop(ActiveMQConnection.java:564)
	at de.dailab.jiactng.agentcore.comm.transport.jms.JMSMessageTransport.doCleanup(JMSMessageTransport.java:103)
	at de.dailab.jiactng.agentcore.comm.CommunicationBean.doCleanup(CommunicationBean.java:172)
	at de.dailab.jiactng.agentcore.lifecycle.AbstractLifecycle.cleanup(AbstractLifecycle.java:221)
	at de.dailab.jiactng.agentcore.Agent.doCleanup(Agent.java:370)
	at de.dailab.jiactng.agentcore.lifecycle.AbstractLifecycle.cleanup(AbstractLifecycle.java:221)
	at de.dailab.jiactng.agentcore.SimpleAgentNode.doCleanup(SimpleAgentNode.java:996)
	at de.dailab.jiactng.agentcore.lifecycle.AbstractLifecycle.cleanup(AbstractLifecycle.java:221)
	at de.dailab.jiactng.agentcore.SimpleAgentNode.shutdown(SimpleAgentNode.java:820)
	at de.dailab.jiactng.agentcore.SimpleAgentNode$1.run(SimpleAgentNode.java:144)
Caused by: org.apache.activemq.transport.TransportDisposedIOException: peer (vm://n-16d4e28434f3StandardJMSBroker#9) stopped.
	at org.apache.activemq.transport.vm.VMTransport.stop(VMTransport.java:229)
	at org.apache.activemq.transport.TransportFilter.stop(TransportFilter.java:65)
	at org.apache.activemq.transport.TransportFilter.stop(TransportFilter.java:65)
	at org.apache.activemq.transport.ResponseCorrelator.stop(ResponseCorrelator.java:132)
	at org.apache.activemq.broker.TransportConnection.doStop(TransportConnection.java:1164)
	at org.apache.activemq.broker.TransportConnection$4.run(TransportConnection.java:1130)
	at java.base/java.util.concurrent.ThreadPoolExecutor.runWorker(ThreadPoolExecutor.java:1130)
	at java.base/java.util.concurrent.ThreadPoolExecutor$Worker.run(ThreadPoolExecutor.java:630)
	at java.base/java.lang.Thread.run(Thread.java:831)
2021-05-21 17:55:40,260 WARN [n-16d4e28434f3.a-16d4a32aa144.CommunicationBean.jms] - could not stop JMS connection 
org.apache.activemq.ConnectionFailedException: The JMS connection has failed: peer (vm://n-16d4e28434f3StandardJMSBroker#11) stopped.
	at org.apache.activemq.ActiveMQConnection.checkClosedOrFailed(ActiveMQConnection.java:1471)
	at org.apache.activemq.ActiveMQConnection.doStop(ActiveMQConnection.java:575)
	at org.apache.activemq.ActiveMQConnection.stop(ActiveMQConnection.java:564)
	at de.dailab.jiactng.agentcore.comm.transport.jms.JMSMessageTransport.doCleanup(JMSMessageTransport.java:103)
	at de.dailab.jiactng.agentcore.comm.CommunicationBean.doCleanup(CommunicationBean.java:172)
	at de.dailab.jiactng.agentcore.lifecycle.AbstractLifecycle.cleanup(AbstractLifecycle.java:221)
	at de.dailab.jiactng.agentcore.Agent.doCleanup(Agent.java:370)
	at de.dailab.jiactng.agentcore.lifecycle.AbstractLifecycle.cleanup(AbstractLifecycle.java:221)
	at de.dailab.jiactng.agentcore.SimpleAgentNode.doCleanup(SimpleAgentNode.java:996)
	at de.dailab.jiactng.agentcore.lifecycle.AbstractLifecycle.cleanup(AbstractLifecycle.java:221)
	at de.dailab.jiactng.agentcore.SimpleAgentNode.shutdown(SimpleAgentNode.java:820)
	at de.dailab.jiactng.agentcore.SimpleAgentNode$1.run(SimpleAgentNode.java:144)
Caused by: org.apache.activemq.transport.TransportDisposedIOException: peer (vm://n-16d4e28434f3StandardJMSBroker#11) stopped.
	at org.apache.activemq.transport.vm.VMTransport.stop(VMTransport.java:229)
	at org.apache.activemq.transport.TransportFilter.stop(TransportFilter.java:65)
	at org.apache.activemq.transport.TransportFilter.stop(TransportFilter.java:65)
	at org.apache.activemq.transport.ResponseCorrelator.stop(ResponseCorrelator.java:132)
	at org.apache.activemq.broker.TransportConnection.doStop(TransportConnection.java:1164)
	at org.apache.activemq.broker.TransportConnection$4.run(TransportConnection.java:1130)
	at java.base/java.util.concurrent.ThreadPoolExecutor.runWorker(ThreadPoolExecutor.java:1130)
	at java.base/java.util.concurrent.ThreadPoolExecutor$Worker.run(ThreadPoolExecutor.java:630)
	at java.base/java.lang.Thread.run(Thread.java:831)
2021-05-21 17:55:40,261 WARN [n-16d4e28434f3.a-16d4cd3d6902.CommunicationBean.jms] - could not stop JMS connection 
org.apache.activemq.ConnectionFailedException: The JMS connection has failed: peer (vm://n-16d4e28434f3StandardJMSBroker#13) stopped.
	at org.apache.activemq.ActiveMQConnection.checkClosedOrFailed(ActiveMQConnection.java:1471)
	at org.apache.activemq.ActiveMQConnection.doStop(ActiveMQConnection.java:575)
	at org.apache.activemq.ActiveMQConnection.stop(ActiveMQConnection.java:564)
	at de.dailab.jiactng.agentcore.comm.transport.jms.JMSMessageTransport.doCleanup(JMSMessageTransport.java:103)
	at de.dailab.jiactng.agentcore.comm.CommunicationBean.doCleanup(CommunicationBean.java:172)
	at de.dailab.jiactng.agentcore.lifecycle.AbstractLifecycle.cleanup(AbstractLifecycle.java:221)
	at de.dailab.jiactng.agentcore.Agent.doCleanup(Agent.java:370)
	at de.dailab.jiactng.agentcore.lifecycle.AbstractLifecycle.cleanup(AbstractLifecycle.java:221)
	at de.dailab.jiactng.agentcore.SimpleAgentNode.doCleanup(SimpleAgentNode.java:996)
	at de.dailab.jiactng.agentcore.lifecycle.AbstractLifecycle.cleanup(AbstractLifecycle.java:221)
	at de.dailab.jiactng.agentcore.SimpleAgentNode.shutdown(SimpleAgentNode.java:820)
	at de.dailab.jiactng.agentcore.SimpleAgentNode$1.run(SimpleAgentNode.java:144)
Caused by: org.apache.activemq.transport.TransportDisposedIOException: peer (vm://n-16d4e28434f3StandardJMSBroker#13) stopped.
	at org.apache.activemq.transport.vm.VMTransport.stop(VMTransport.java:229)
	at org.apache.activemq.transport.TransportFilter.stop(TransportFilter.java:65)
	at org.apache.activemq.transport.TransportFilter.stop(TransportFilter.java:65)
	at org.apache.activemq.transport.ResponseCorrelator.stop(ResponseCorrelator.java:132)
	at org.apache.activemq.broker.TransportConnection.doStop(TransportConnection.java:1164)
	at org.apache.activemq.broker.TransportConnection$4.run(TransportConnection.java:1130)
	at java.base/java.util.concurrent.ThreadPoolExecutor.runWorker(ThreadPoolExecutor.java:1130)
	at java.base/java.util.concurrent.ThreadPoolExecutor$Worker.run(ThreadPoolExecutor.java:630)
	at java.base/java.lang.Thread.run(Thread.java:831)
2021-05-21 17:55:40,262 WARN [n-16d4e28434f3.IDirectory.jms] - could not stop JMS connection 
org.apache.activemq.ConnectionFailedException: The JMS connection has failed: peer (vm://n-16d4e28434f3StandardJMSBroker#1) stopped.
	at org.apache.activemq.ActiveMQConnection.checkClosedOrFailed(ActiveMQConnection.java:1471)
	at org.apache.activemq.ActiveMQConnection.doStop(ActiveMQConnection.java:575)
	at org.apache.activemq.ActiveMQConnection.stop(ActiveMQConnection.java:564)
	at de.dailab.jiactng.agentcore.comm.transport.jms.JMSMessageTransport.doCleanup(JMSMessageTransport.java:103)
	at de.dailab.jiactng.agentcore.directory.DirectoryAgentNodeBean.doCleanup(DirectoryAgentNodeBean.java:311)
	at de.dailab.jiactng.agentcore.lifecycle.AbstractLifecycle.cleanup(AbstractLifecycle.java:221)
	at de.dailab.jiactng.agentcore.SimpleAgentNode.doCleanup(SimpleAgentNode.java:1011)
	at de.dailab.jiactng.agentcore.lifecycle.AbstractLifecycle.cleanup(AbstractLifecycle.java:221)
	at de.dailab.jiactng.agentcore.SimpleAgentNode.shutdown(SimpleAgentNode.java:820)
	at de.dailab.jiactng.agentcore.SimpleAgentNode$1.run(SimpleAgentNode.java:144)
Caused by: org.apache.activemq.transport.TransportDisposedIOException: peer (vm://n-16d4e28434f3StandardJMSBroker#1) stopped.
	at org.apache.activemq.transport.vm.VMTransport.stop(VMTransport.java:229)
	at org.apache.activemq.transport.TransportFilter.stop(TransportFilter.java:65)
	at org.apache.activemq.transport.TransportFilter.stop(TransportFilter.java:65)
	at org.apache.activemq.transport.ResponseCorrelator.stop(ResponseCorrelator.java:132)
	at org.apache.activemq.broker.TransportConnection.doStop(TransportConnection.java:1164)
	at org.apache.activemq.broker.TransportConnection$4.run(TransportConnection.java:1130)
	at java.base/java.util.concurrent.ThreadPoolExecutor.runWorker(ThreadPoolExecutor.java:1130)
	at java.base/java.util.concurrent.ThreadPoolExecutor$Worker.run(ThreadPoolExecutor.java:630)
	at java.base/java.lang.Thread.run(Thread.java:831)
